SF:lib\models\groups.dart
DA:11,0
DA:14,0
DA:15,0
DA:19,0
DA:20,0
LF:5
LH:0
end_of_record
SF:lib\models\place_search.dart
DA:13,0
DA:16,0
DA:17,0
DA:18,0
DA:19,0
LF:5
LH:0
end_of_record
SF:lib\processes\application_processes.dart
DA:22,0
DA:23,0
DA:27,0
DA:28,0
DA:29,0
DA:33,0
DA:34,0
DA:35,0
LF:8
LH:0
end_of_record
SF:lib\services\bike_station_service.dart
DA:11,1
DA:13,4
DA:16,3
DA:22,0
DA:23,0
DA:27,0
DA:28,0
DA:32,0
DA:33,0
DA:34,0
DA:35,0
DA:38,0
LF:12
LH:3
end_of_record
SF:lib\services\geolocator_service.dart
DA:10,0
DA:15,0
DA:19,0
DA:23,0
DA:24,0
DA:26,0
DA:29,0
DA:30,0
DA:35,0
DA:36,0
DA:41,0
LF:11
LH:0
end_of_record
SF:lib\services\places_service.dart
DA:17,0
DA:19,0
DA:22,0
DA:25,0
DA:28,0
DA:30,0
LF:6
LH:0
end_of_record
