SF:lib\models\place_search.dart
DA:13,2
DA:16,1
DA:17,1
DA:18,1
DA:19,1
LF:5
LH:5
end_of_record
SF:lib\models\groups.dart
DA:11,1
DA:14,1
DA:15,1
DA:19,1
DA:20,1
LF:5
LH:5
end_of_record
SF:lib\models\geometry.dart
DA:6,0
DA:8,0
LF:2
LH:0
end_of_record
SF:lib\models\location.dart
DA:6,0
DA:8,0
DA:9,0
DA:10,0
DA:11,0
LF:5
LH:0
end_of_record
SF:lib\models\place.dart
DA:8,0
DA:10,0
DA:11,0
DA:12,0
DA:13,0
DA:14,0
LF:6
LH:0
end_of_record
SF:lib\processes\application_processes.dart
DA:33,1
DA:34,1
DA:38,1
DA:39,2
DA:40,0
DA:42,0
DA:43,0
DA:44,0
DA:45,0
DA:50,0
DA:54,0
DA:55,0
DA:56,0
DA:59,0
DA:60,0
DA:61,0
DA:62,0
DA:63,0
DA:64,0
DA:67,0
DA:68,0
DA:70,0
DA:71,0
DA:72,0
DA:73,0
DA:76,0
DA:77,0
DA:79,0
DA:80,0
DA:81,0
DA:84,0
DA:86,0
DA:87,0
DA:88,0
LF:34
LH:4
end_of_record
SF:lib\services\marker_service.dart
DA:6,0
DA:7,0
DA:8,0
DA:12,0
DA:13,0
DA:14,0
DA:15,0
DA:16,0
DA:17,0
DA:18,0
DA:19,0
DA:23,0
DA:24,0
DA:26,0
DA:27,0
DA:30,0
DA:31,0
DA:33,0
DA:34,0
DA:35,0
LF:20
LH:0
end_of_record
SF:lib\services\geolocator_service.dart
DA:25,1
DA:26,2
DA:37,1
DA:38,2
DA:42,1
DA:43,2
DA:52,1
DA:54,2
DA:71,2
DA:77,4
DA:78,2
DA:84,1
DA:90,2
DA:91,2
DA:130,1
DA:133,2
DA:142,1
DA:143,2
DA:149,1
DA:150,2
DA:164,1
DA:167,2
DA:175,1
DA:176,2
DA:182,1
DA:183,2
DA:191,1
DA:197,2
DA:210,1
DA:216,2
LF:30
LH:30
end_of_record
SF:lib\services\places_service.dart
DA:18,1
DA:20,2
DA:23,3
DA:26,2
DA:29,1
DA:31,4
DA:35,0
DA:37,0
DA:40,0
DA:43,0
DA:45,0
DA:48,0
DA:51,0
DA:53,0
DA:56,0
DA:59,0
DA:61,0
LF:17
LH:6
end_of_record
SF:lib\services\bike_station_service.dart
DA:11,1
DA:13,4
DA:16,3
DA:22,0
DA:23,0
DA:27,0
DA:28,0
DA:32,0
DA:33,0
DA:34,0
DA:35,0
DA:38,0
LF:12
LH:3
end_of_record
SF:lib\Widgets\nav_bar.dart
DA:8,0
DA:10,0
DA:12,0
DA:13,0
DA:15,0
DA:16,0
DA:19,0
DA:20,0
DA:21,0
DA:38,0
DA:41,0
DA:42,0
DA:48,0
DA:51,0
DA:54,0
DA:57,0
DA:59,0
DA:62,0
DA:65,0
DA:68,0
LF:20
LH:0
end_of_record
SF:lib\main.dart
DA:8,0
DA:9,0
DA:10,0
DA:11,0
DA:15,3
DA:16,1
DA:18,1
DA:19,2
DA:20,1
DA:22,1
LF:10
LH:6
end_of_record
SF:lib\views\home_screen.dart
DA:11,2
DA:13,1
DA:14,1
DA:23,1
DA:25,1
DA:28,0
DA:30,0
DA:36,1
DA:38,1
DA:39,1
DA:41,1
DA:42,1
DA:45,1
DA:46,0
DA:47,1
DA:48,0
DA:49,0
DA:50,0
DA:51,0
DA:52,0
DA:53,0
DA:54,0
DA:55,0
DA:56,0
DA:67,2
LF:25
LH:13
end_of_record
SF:lib\services\mapbox_navigation_service.dart
DA:46,0
DA:47,0
DA:50,0
DA:51,0
DA:54,0
DA:55,0
DA:58,0
DA:59,0
DA:60,0
DA:61,0
LF:10
LH:0
end_of_record
SF:lib\Widgets\google_map_page.dart
DA:13,0
DA:19,0
DA:27,0
DA:28,0
DA:35,0
DA:37,0
DA:38,0
DA:39,0
DA:42,0
DA:43,0
DA:44,0
DA:46,0
DA:49,0
DA:51,0
DA:52,0
DA:53,0
DA:54,0
DA:55,0
DA:58,0
DA:60,0
DA:61,0
DA:62,0
DA:63,0
DA:64,0
DA:67,0
DA:69,0
DA:70,0
DA:71,0
DA:72,0
DA:74,0
DA:77,0
DA:210,0
DA:211,0
DA:212,0
DA:213,0
DA:214,0
DA:215,0
DA:216,0
LF:38
LH:0
end_of_record
SF:lib\Widgets\bottom_navbar.dart
DA:10,1
DA:13,1
DA:18,1
DA:19,1
DA:26,1
DA:28,1
DA:29,2
DA:32,1
DA:43,1
DA:44,1
DA:46,1
DA:48,0
DA:49,0
DA:51,0
DA:52,0
DA:53,0
DA:56,0
DA:57,0
DA:60,0
DA:61,0
DA:64,0
DA:65,0
DA:66,0
DA:69,0
DA:70,0
DA:73,0
DA:74,0
DA:75,0
DA:77,0
DA:82,0
LF:30
LH:11
end_of_record
SF:lib\Widgets\nav_bar.dart
DA:8,2
DA:10,0
DA:12,0
DA:13,0
DA:15,0
DA:16,0
DA:19,0
DA:20,0
DA:21,0
DA:38,0
DA:41,0
DA:42,0
DA:48,0
DA:51,0
DA:54,0
DA:57,0
DA:59,0
DA:62,0
DA:65,0
DA:68,0
LF:20
LH:1
end_of_record
SF:lib\Widgets\group_size.dart
DA:5,2
DA:7,0
DA:8,0
DA:16,0
DA:18,0
DA:19,0
DA:21,0
DA:22,0
DA:25,0
DA:27,0
DA:28,0
DA:31,0
DA:32,0
DA:34,0
DA:35,0
DA:36,0
DA:37,0
DA:39,0
DA:41,0
DA:47,0
DA:51,0
DA:52,0
DA:53,0
DA:54,0
DA:55,0
DA:56,0
DA:59,0
DA:60,0
DA:61,0
DA:62,0
DA:63,0
DA:69,0
LF:32
LH:1
end_of_record
SF:lib\Widgets\search_bar.dart
DA:5,2
DA:7,0
DA:9,0
DA:11,0
DA:14,0
DA:16,0
DA:17,0
DA:18,0
DA:19,0
DA:25,0
DA:26,0
DA:27,0
DA:28,0
DA:30,0
DA:31,0
DA:50,0
DA:51,0
DA:53,0
LF:18
LH:1
end_of_record
SF:lib\Widgets\iconic_places.dart
DA:9,3
DA:12,0
DA:13,0
DA:19,0
DA:21,0
DA:22,0
DA:23,0
DA:24,0
DA:25,0
DA:26,0
DA:29,0
DA:30,0
DA:31,0
DA:32,0
DA:33,0
DA:44,0
DA:46,0
DA:47,0
DA:51,0
DA:53,0
DA:54,0
DA:55,0
DA:56,0
DA:57,0
DA:58,0
LF:25
LH:1
end_of_record
SF:lib\Widgets\search_page.dart
DA:8,0
DA:10,0
DA:11,0
DA:13,0
DA:14,0
DA:21,0
DA:23,0
DA:25,0
DA:31,0
DA:33,0
DA:37,0
DA:39,0
DA:43,0
DA:44,0
DA:45,0
DA:47,0
DA:48,0
DA:49,0
DA:50,0
DA:51,0
DA:53,0
DA:54,0
DA:55,0
DA:56,0
DA:58,0
DA:59,0
DA:60,0
DA:61,0
DA:65,0
LF:29
LH:0
end_of_record
